# JRE version: OpenJDK Runtime Environment Temurin-17.0.16+8 (17.0.16+8) (build 17.0.16+8)
# Java VM: OpenJDK 64-Bit Server VM Temurin-17.0.16+8 (17.0.16+8, mixed mode, sharing, tiered, compressed oops, compressed class ptrs, g1 gc, windows-amd64)
GC Precious Log:
 CPUs: 6 total, 6 available
 Memory: 32688M
 Large Page Support: Disabled
 NUMA Support: Disabled
 Compressed Oops: Enabled (Zero based)
 Heap Region Size: 4M
 Heap Min Capacity: 8M
 Heap Initial Capacity: 512M
 Heap Max Capacity: 6G
 Pre-touch: Disabled
 Parallel Workers: 6
 Concurrent Workers: 2
 Concurrent Refinement Workers: 6
 Periodic GC: Disabled
Heap:
 garbage-first heap   total 1064960K, used 547321K [0x0000000680000000, 0x0000000800000000)
  region size 4096K, 7 young (28672K), 7 survivors (28672K)
 Metaspace       used 95760K, committed 96640K, reserved 1179648K
  class space    used 12867K, committed 13248K, reserved 1048576K
GC Heap History (20 events):
Event: 217.760 GC heap after
{Heap after GC invocations=53 (full 0):
 garbage-first heap   total 438272K, used 166904K [0x0000000680000000, 0x0000000800000000)
  region size 4096K, 1 young (4096K), 1 survivors (4096K)
 Metaspace       used 90943K, committed 91776K, reserved 1179648K
  class space    used 12205K, committed 12608K, reserved 1048576K
}
Event: 225.521 GC heap before
{Heap before GC invocations=53 (full 0):
 garbage-first heap   total 438272K, used 236536K [0x0000000680000000, 0x0000000800000000)
  region size 4096K, 20 young (81920K), 1 survivors (4096K)
 Metaspace       used 95291K, committed 96192K, reserved 1179648K
  class space    used 12806K, committed 13184K, reserved 1048576K
}
Event: 225.526 GC heap after
{Heap after GC invocations=54 (full 0):
 garbage-first heap   total 438272K, used 170704K [0x0000000680000000, 0x0000000800000000)
  region size 4096K, 2 young (8192K), 2 survivors (8192K)
 Metaspace       used 95291K, committed 96192K, reserved 1179648K
  class space    used 12806K, committed 13184K, reserved 1048576K
}
Event: 225.805 GC heap before
{Heap before GC invocations=55 (full 0):
 garbage-first heap   total 438272K, used 355024K [0x0000000680000000, 0x0000000800000000)
  region size 4096K, 40 young (163840K), 2 survivors (8192K)
 Metaspace       used 95296K, committed 96192K, reserved 1179648K
  class space    used 12806K, committed 13184K, reserved 1048576K
}
Event: 225.839 GC heap after
{Heap after GC invocations=56 (full 0):
 garbage-first heap   total 454656K, used 267711K [0x0000000680000000, 0x0000000800000000)
  region size 4096K, 5 young (20480K), 5 survivors (20480K)
 Metaspace       used 95296K, committed 96192K, reserved 1179648K
  class space    used 12806K, committed 13184K, reserved 1048576K
}
Event: 225.866 GC heap before
{Heap before GC invocations=56 (full 0):
 garbage-first heap   total 454656K, used 271807K [0x0000000680000000, 0x0000000800000000)
  region size 4096K, 6 young (24576K), 5 survivors (20480K)
 Metaspace       used 95296K, committed 96192K, reserved 1179648K
  class space    used 12806K, committed 13184K, reserved 1048576K
}
Event: 225.882 GC heap after
{Heap after GC invocations=57 (full 0):
 garbage-first heap   total 454656K, used 269911K [0x0000000680000000, 0x0000000800000000)
  region size 4096K, 1 young (4096K), 1 survivors (4096K)
 Metaspace       used 95296K, committed 96192K, reserved 1179648K
  class space    used 12806K, committed 13184K, reserved 1048576K
}
Event: 226.318 GC heap before
{Heap before GC invocations=57 (full 0):
 garbage-first heap   total 454656K, used 331351K [0x0000000680000000, 0x0000000800000000)
  region size 4096K, 17 young (69632K), 1 survivors (4096K)
 Metaspace       used 95583K, committed 96512K, reserved 1179648K
  class space    used 12847K, committed 13248K, reserved 1048576K
}
Event: 226.337 GC heap after
{Heap after GC invocations=58 (full 0):
 garbage-first heap   total 1110016K, used 304078K [0x0000000680000000, 0x0000000800000000)
  region size 4096K, 3 young (12288K), 3 survivors (12288K)
 Metaspace       used 95583K, committed 96512K, reserved 1179648K
  class space    used 12847K, committed 13248K, reserved 1048576K
}
Event: 227.012 GC heap before
{Heap before GC invocations=59 (full 0):
 garbage-first heap   total 1064960K, used 631758K [0x0000000680000000, 0x0000000800000000)
  region size 4096K, 85 young (348160K), 3 survivors (12288K)
 Metaspace       used 95605K, committed 96512K, reserved 1179648K
  class space    used 12850K, committed 13248K, reserved 1048576K
}
Event: 227.071 GC heap after
{Heap after GC invocations=60 (full 0):
 garbage-first heap   total 1064960K, used 390947K [0x0000000680000000, 0x0000000800000000)
  region size 4096K, 11 young (45056K), 11 survivors (45056K)
 Metaspace       used 95605K, committed 96512K, reserved 1179648K
  class space    used 12850K, committed 13248K, reserved 1048576K
}
Event: 227.115 GC heap before
{Heap before GC invocations=60 (full 0):
 garbage-first heap   total 1064960K, used 399139K [0x0000000680000000, 0x0000000800000000)
  region size 4096K, 13 young (53248K), 11 survivors (45056K)
 Metaspace       used 95631K, committed 96512K, reserved 1179648K
  class space    used 12854K, committed 13248K, reserved 1048576K
}
Event: 227.136 GC heap after
{Heap after GC invocations=61 (full 0):
 garbage-first heap   total 1064960K, used 398286K [0x0000000680000000, 0x0000000800000000)
  region size 4096K, 2 young (8192K), 2 survivors (8192K)
 Metaspace       used 95631K, committed 96512K, reserved 1179648K
  class space    used 12854K, committed 13248K, reserved 1048576K
}
Event: 227.621 GC heap before
{Heap before GC invocations=61 (full 0):
 garbage-first heap   total 1064960K, used 672718K [0x0000000680000000, 0x0000000800000000)
  region size 4096K, 69 young (282624K), 2 survivors (8192K)
 Metaspace       used 95667K, committed 96576K, reserved 1179648K
  class space    used 12859K, committed 13248K, reserved 1048576K
}
Event: 227.650 GC heap after
{Heap after GC invocations=62 (full 0):
 garbage-first heap   total 1064960K, used 471022K [0x0000000680000000, 0x0000000800000000)
  region size 4096K, 9 young (36864K), 9 survivors (36864K)
 Metaspace       used 95667K, committed 96576K, reserved 1179648K
  class space    used 12859K, committed 13248K, reserved 1048576K
}
Event: 228.070 GC heap before
{Heap before GC invocations=63 (full 0):
 garbage-first heap   total 1064960K, used 716782K [0x0000000680000000, 0x0000000800000000)
  region size 4096K, 69 young (282624K), 9 survivors (36864K)
 Metaspace       used 95667K, committed 96576K, reserved 1179648K
  class space    used 12859K, committed 13248K, reserved 1048576K
}
Event: 228.112 GC heap after
{Heap after GC invocations=64 (full 0):
 garbage-first heap   total 1064960K, used 540333K [0x0000000680000000, 0x0000000800000000)
  region size 4096K, 9 young (36864K), 9 survivors (36864K)
 Metaspace       used 95667K, committed 96576K, reserved 1179648K
  class space    used 12859K, committed 13248K, reserved 1048576K
}
Event: 228.177 GC heap before
{Heap before GC invocations=64 (full 0):
 garbage-first heap   total 1064960K, used 556717K [0x0000000680000000, 0x0000000800000000)
  region size 4096K, 13 young (53248K), 9 survivors (36864K)
 Metaspace       used 95667K, committed 96576K, reserved 1179648K
  class space    used 12859K, committed 13248K, reserved 1048576K
}
Event: 228.204 GC heap after
{Heap after GC invocations=65 (full 0):
 garbage-first heap   total 1064960K, used 528322K [0x0000000680000000, 0x0000000800000000)
  region size 4096K, 2 young (8192K), 2 survivors (8192K)
 Metaspace       used 95667K, committed 96576K, reserved 1179648K
  class space    used 12859K, committed 13248K, reserved 1048576K
}
Event: 230.769 GC heap before
{Heap before GC invocations=65 (full 0):
 garbage-first heap   total 1064960K, used 663490K [0x0000000680000000, 0x0000000800000000)
  region size 4096K, 37 young (151552K), 2 survivors (8192K)
 Metaspace       used 95760K, committed 96640K, reserved 1179648K
  class space    used 12867K, committed 13248K, reserved 1048576K
}

